

[  5 Stage Pipeline  ]:	 IF - ID - EX - EX - WB 
# Result 		 Benchmark		      Cycles	NOPs	CPI	Core	CoreNOPs
-----------------------------------------------------------------------------------------------
5 [92mPassed 	| ./benchmark/toy/fib/fib-O0.asm	9278	7101	4.27	5079	4038	[0m
5 [92mPassed 	| ./benchmark/toy/fib/fib-O1.asm	3696	2775	4.031	2120	1712	[0m
5 [92mPassed 	| ./benchmark/toy/fib/fib-O2.asm	3381	2460	3.687	1847	1439	[0m
5 [92mPassed 	| ./benchmark/toy/fib/fib-O3.asm	2935	2059	3.366	1357	1038	[0m
5 [92mPassed 	| ./benchmark/toy/fir/fir-O0.asm	35261	27221	4.388	35081	27127	[0m
5 [92mPassed 	| ./benchmark/toy/fir/fir-O1.asm	10480	7201	3.2	9212	6507	[0m
5 [92mPassed 	| ./benchmark/toy/fir/fir-O2.asm	9070	6142	3.102	7559	5205	[0m
5 [92mPassed 	| ./benchmark/toy/fir/fir-O3.asm	1902	1291	3.133	1845	1291	[0m
5 [92mPassed 	| ./benchmark/toy/median/median-O0.asm	30448	24530	5.148	30357	24480	[0m
5 [92mPassed 	| ./benchmark/toy/median/median-O1.asm	11313	8363	3.84	11108	8335	[0m
5 [92mPassed 	| ./benchmark/toy/median/median-O2.asm	9631	6924	3.563	9335	6796	[0m
5 [92mPassed 	| ./benchmark/toy/median/median-O3.asm	10126	7156	3.414	9924	7044	[0m
5 [92mPassed 	| ./benchmark/toy/mmult/mmult-O0.asm	31383	24619	4.642	27707	21832	[0m
5 [92mPassed 	| ./benchmark/toy/mmult/mmult-O1.asm	6635	4713	3.459	5729	4179	[0m
5 [92mPassed 	| ./benchmark/toy/mmult/mmult-O2.asm	6968	4786	3.199	5733	3955	[0m
5 [92mPassed 	| ./benchmark/toy/mmult/mmult-O3.asm	903	568	2.728	573	410	[0m
5 [92mPassed 	| ./benchmark/toy/bubble/bubble-O0.asm	144582	114339	4.781	140001	110986	[0m
5 [92mPassed 	| ./benchmark/toy/bubble/bubble-O1.asm	51876	41570	5.036	45989	36333	[0m
5 [92mPassed 	| ./benchmark/toy/bubble/bubble-O2.asm	46909	36653	4.576	45942	36335	[0m
5 [92mPassed 	| ./benchmark/toy/bubble/bubble-O3.asm	46909	36653	4.576	45942	36335	[0m
5 [92mPassed 	| ./benchmark/toy/factorial/factorial-O0.asm	328	251	4.493	226	178	[0m
5 [92mPassed 	| ./benchmark/toy/factorial/factorial-O1.asm	1116	785	3.413	941	693	[0m
5 [92mPassed 	| ./benchmark/toy/factorial/factorial-O2.asm	1035	712	3.245	784	576	[0m
5 [92mPassed 	| ./benchmark/toy/factorial/factorial-O3.asm	887	617	3.335	711	507	[0m
5 [92mPassed 	| ./benchmark/toy/qsort/qsort-O0.asm	115466	82889	3.544	115455	82887	[0m
5 [92mPassed 	| ./benchmark/toy/qsort/qsort-O1.asm	50198	36661	3.708	50187	36659	[0m
5 [92mPassed 	| ./benchmark/toy/qsort/qsort-O2.asm	40542	29919	3.816	40538	29919	[0m
5 [92mPassed 	| ./benchmark/toy/qsort/qsort-O3.asm	40542	29919	3.816	40538	29919	[0m
5 [92mPassed 	| ./benchmark/toy/crc/crc-O0.asm	23811	19153	5.116	23747	19113	[0m
5 [92mPassed 	| ./benchmark/toy/crc/crc-O1.asm	11226	7995	3.479	10510	7510	[0m
5 [92mPassed 	| ./benchmark/toy/crc/crc-O2.asm	5411	4353	5.134	5347	4313	[0m
5 [92mPassed 	| ./benchmark/toy/crc/crc-O3.asm	5411	4353	5.134	5352	4314	[0m


[  6 Stage Pipeline  ]:	 IF - IF - ID - EX - EX - WB 
# Result 		 Benchmark		      Cycles	NOPs	CPI	Core	CoreNOPs
-----------------------------------------------------------------------------------------------
6 [92mPassed 	| ./benchmark/toy/fib/fib-O0.asm	9371	7193	4.312	5126	4085	[0m
6 [92mPassed 	| ./benchmark/toy/fib/fib-O1.asm	3786	2864	4.129	2165	1757	[0m
6 [92mPassed 	| ./benchmark/toy/fib/fib-O2.asm	3471	2549	3.785	1892	1484	[0m
6 [92mPassed 	| ./benchmark/toy/fib/fib-O3.asm	3025	2148	3.469	1402	1083	[0m
6 [92mPassed 	| ./benchmark/toy/fir/fir-O0.asm	35614	27573	4.432	35433	27479	[0m
6 [92mPassed 	| ./benchmark/toy/fir/fir-O1.asm	10782	7253	3.06	9464	6559	[0m
6 [92mPassed 	| ./benchmark/toy/fir/fir-O2.asm	9319	6341	3.135	7758	5404	[0m
6 [92mPassed 	| ./benchmark/toy/fir/fir-O3.asm	1952	1291	2.976	1845	1291	[0m
6 [92mPassed 	| ./benchmark/toy/median/median-O0.asm	30963	25044	5.236	30871	24994	[0m
6 [92mPassed 	| ./benchmark/toy/median/median-O1.asm	11699	8733	3.951	11478	8705	[0m
6 [92mPassed 	| ./benchmark/toy/median/median-O2.asm	10014	7132	3.481	9702	7004	[0m
6 [92mPassed 	| ./benchmark/toy/median/median-O3.asm	10286	7300	3.451	10068	7188	[0m
6 [92mPassed 	| ./benchmark/toy/mmult/mmult-O0.asm	31606	24841	4.675	27899	22024	[0m
6 [92mPassed 	| ./benchmark/toy/mmult/mmult-O1.asm	6803	4880	3.547	5872	4322	[0m
6 [92mPassed 	| ./benchmark/toy/mmult/mmult-O2.asm	7117	4930	3.262	5857	4079	[0m
6 [92mPassed 	| ./benchmark/toy/mmult/mmult-O3.asm	904	568	2.731	573	410	[0m
6 [92mPassed 	| ./benchmark/toy/bubble/bubble-O0.asm	147183	116939	4.867	142551	113536	[0m
6 [92mPassed 	| ./benchmark/toy/bubble/bubble-O1.asm	53654	43298	5.183	47706	38050	[0m
6 [92mPassed 	| ./benchmark/toy/bubble/bubble-O2.asm	48635	38329	4.721	47607	38000	[0m
6 [92mPassed 	| ./benchmark/toy/bubble/bubble-O3.asm	48635	38329	4.721	47607	38000	[0m
6 [92mPassed 	| ./benchmark/toy/factorial/factorial-O0.asm	334	256	4.575	231	183	[0m
6 [92mPassed 	| ./benchmark/toy/factorial/factorial-O1.asm	1155	816	3.458	972	724	[0m
6 [92mPassed 	| ./benchmark/toy/factorial/factorial-O2.asm	1073	742	3.291	813	605	[0m
6 [92mPassed 	| ./benchmark/toy/factorial/factorial-O3.asm	918	647	3.451	740	536	[0m
6 [92mPassed 	| ./benchmark/toy/qsort/qsort-O0.asm	119085	86324	3.638	118931	86322	[0m
6 [92mPassed 	| ./benchmark/toy/qsort/qsort-O1.asm	51582	37902	3.777	51469	37900	[0m
6 [92mPassed 	| ./benchmark/toy/qsort/qsort-O2.asm	41584	30847	3.878	41495	30847	[0m
6 [92mPassed 	| ./benchmark/toy/qsort/qsort-O3.asm	41584	30847	3.878	41495	30847	[0m
6 [92mPassed 	| ./benchmark/toy/crc/crc-O0.asm	24321	19411	4.958	24256	19371	[0m
6 [92mPassed 	| ./benchmark/toy/crc/crc-O1.asm	11847	8566	3.616	11067	8067	[0m
6 [92mPassed 	| ./benchmark/toy/crc/crc-O2.asm	5521	4411	4.996	5456	4371	[0m
6 [92mPassed 	| ./benchmark/toy/crc/crc-O3.asm	5521	4411	4.996	5461	4372	[0m


[  7 Stage Pipeline  ]:	 IF - IF - IF - ID - EX - EX - WB 
# Result 		 Benchmark		      Cycles	NOPs	CPI	Core	CoreNOPs
-----------------------------------------------------------------------------------------------
7 [92mPassed 	| ./benchmark/toy/fib/fib-O0.asm	9464	7285	4.355	5173	4132	[0m
7 [92mPassed 	| ./benchmark/toy/fib/fib-O1.asm	3876	2953	4.227	2210	1802	[0m
7 [92mPassed 	| ./benchmark/toy/fib/fib-O2.asm	3561	2638	3.883	1937	1529	[0m
7 [92mPassed 	| ./benchmark/toy/fib/fib-O3.asm	3115	2237	3.572	1447	1128	[0m
7 [92mPassed 	| ./benchmark/toy/fir/fir-O0.asm	35967	27925	4.476	35785	27831	[0m
7 [92mPassed 	| ./benchmark/toy/fir/fir-O1.asm	11084	7505	3.145	9716	6811	[0m
7 [92mPassed 	| ./benchmark/toy/fir/fir-O2.asm	9568	6540	3.218	7957	5603	[0m
7 [92mPassed 	| ./benchmark/toy/fir/fir-O3.asm	2002	1291	3.052	1845	1291	[0m
7 [92mPassed 	| ./benchmark/toy/median/median-O0.asm	31478	25558	5.323	31385	25508	[0m
7 [92mPassed 	| ./benchmark/toy/median/median-O1.asm	12085	9103	4.081	11848	9075	[0m
7 [92mPassed 	| ./benchmark/toy/median/median-O2.asm	10397	7484	3.595	10069	7356	[0m
7 [92mPassed 	| ./benchmark/toy/median/median-O3.asm	10446	7459	3.504	10227	7347	[0m
7 [92mPassed 	| ./benchmark/toy/mmult/mmult-O0.asm	31829	25063	4.708	28091	22216	[0m
7 [92mPassed 	| ./benchmark/toy/mmult/mmult-O1.asm	6971	5047	3.635	6015	4465	[0m
7 [92mPassed 	| ./benchmark/toy/mmult/mmult-O2.asm	7266	5074	3.33	5981	4203	[0m
7 [92mPassed 	| ./benchmark/toy/mmult/mmult-O3.asm	905	568	2.734	573	410	[0m
7 [92mPassed 	| ./benchmark/toy/bubble/bubble-O0.asm	149784	119539	4.953	145101	116086	[0m
7 [92mPassed 	| ./benchmark/toy/bubble/bubble-O1.asm	55432	45026	5.355	49423	39767	[0m
7 [92mPassed 	| ./benchmark/toy/bubble/bubble-O2.asm	50361	40005	4.889	49272	39665	[0m
7 [92mPassed 	| ./benchmark/toy/bubble/bubble-O3.asm	50361	40005	4.889	49272	39665	[0m
7 [92mPassed 	| ./benchmark/toy/factorial/factorial-O0.asm	340	261	4.658	236	188	[0m
7 [92mPassed 	| ./benchmark/toy/factorial/factorial-O1.asm	1194	847	3.575	1003	755	[0m
7 [92mPassed 	| ./benchmark/toy/factorial/factorial-O2.asm	1111	772	3.408	842	634	[0m
7 [92mPassed 	| ./benchmark/toy/factorial/factorial-O3.asm	949	677	3.568	769	565	[0m
7 [92mPassed 	| ./benchmark/toy/qsort/qsort-O0.asm	122704	89876	3.744	122524	89874	[0m
7 [92mPassed 	| ./benchmark/toy/qsort/qsort-O1.asm	52966	39221	3.867	52829	39219	[0m
7 [92mPassed 	| ./benchmark/toy/qsort/qsort-O2.asm	42626	31845	3.965	42522	31845	[0m
7 [92mPassed 	| ./benchmark/toy/qsort/qsort-O3.asm	42626	31845	3.965	42522	31845	[0m
7 [92mPassed 	| ./benchmark/toy/crc/crc-O0.asm	24831	19920	5.062	24765	19880	[0m
7 [92mPassed 	| ./benchmark/toy/crc/crc-O1.asm	12468	9137	3.75	11624	8624	[0m
7 [92mPassed 	| ./benchmark/toy/crc/crc-O2.asm	5631	4520	5.096	5565	4480	[0m
7 [92mPassed 	| ./benchmark/toy/crc/crc-O3.asm	5631	4520	5.096	5570	4481	[0m


[  6 Stage Pipeline  ]:	 IF - ID - EX - EX - EX - WB 
# Result 		 Benchmark		      Cycles	NOPs	CPI	Core	CoreNOPs
-----------------------------------------------------------------------------------------------
6 [92mPassed 	| ./benchmark/toy/fib/fib-O0.asm	11077	8899	5.098	6122	5081	[0m
6 [92mPassed 	| ./benchmark/toy/fib/fib-O1.asm	4380	3458	4.776	2526	2118	[0m
6 [92mPassed 	| ./benchmark/toy/fib/fib-O2.asm	4020	3098	4.384	2207	1799	[0m
6 [92mPassed 	| ./benchmark/toy/fib/fib-O3.asm	3485	2608	3.997	1628	1309	[0m
6 [92mPassed 	| ./benchmark/toy/fir/fir-O0.asm	42192	34151	5.25	41988	34034	[0m
6 [92mPassed 	| ./benchmark/toy/fir/fir-O1.asm	12294	9014	3.754	10814	8109	[0m
6 [92mPassed 	| ./benchmark/toy/fir/fir-O2.asm	10684	7755	3.654	8912	6558	[0m
6 [92mPassed 	| ./benchmark/toy/fir/fir-O3.asm	2252	1640	3.71	2194	1640	[0m
6 [92mPassed 	| ./benchmark/toy/median/median-O0.asm	36389	30470	6.153	36285	30408	[0m
6 [92mPassed 	| ./benchmark/toy/median/median-O1.asm	13385	10434	4.543	13176	10403	[0m
6 [92mPassed 	| ./benchmark/toy/median/median-O2.asm	11397	8689	4.216	11052	8513	[0m
6 [92mPassed 	| ./benchmark/toy/median/median-O3.asm	11984	9013	4.04	11749	8869	[0m
6 [92mPassed 	| ./benchmark/toy/mmult/mmult-O0.asm	37469	30704	5.543	33117	27242	[0m
6 [92mPassed 	| ./benchmark/toy/mmult/mmult-O1.asm	7804	5881	4.069	6766	5216	[0m
6 [92mPassed 	| ./benchmark/toy/mmult/mmult-O2.asm	8224	6041	3.776	6771	4993	[0m
6 [92mPassed 	| ./benchmark/toy/mmult/mmult-O3.asm	1063	727	3.211	684	521	[0m
6 [92mPassed 	| ./benchmark/toy/bubble/bubble-O0.asm	172211	141967	5.695	166816	137801	[0m
6 [92mPassed 	| ./benchmark/toy/bubble/bubble-O1.asm	61370	51063	5.957	54141	44485	[0m
6 [92mPassed 	| ./benchmark/toy/bubble/bubble-O2.asm	55179	44922	5.382	54096	44489	[0m
6 [92mPassed 	| ./benchmark/toy/bubble/bubble-O3.asm	55179	44922	5.382	54096	44489	[0m
6 [92mPassed 	| ./benchmark/toy/factorial/factorial-O0.asm	390	312	5.342	269	221	[0m
6 [92mPassed 	| ./benchmark/toy/factorial/factorial-O1.asm	1310	978	4.006	1109	861	[0m
6 [92mPassed 	| ./benchmark/toy/factorial/factorial-O2.asm	1222	898	3.831	930	722	[0m
6 [92mPassed 	| ./benchmark/toy/factorial/factorial-O3.asm	1047	776	3.936	841	637	[0m
6 [92mPassed 	| ./benchmark/toy/qsort/qsort-O0.asm	136983	104406	4.205	136971	104403	[0m
6 [92mPassed 	| ./benchmark/toy/qsort/qsort-O1.asm	59614	46077	4.404	59602	46074	[0m
6 [92mPassed 	| ./benchmark/toy/qsort/qsort-O2.asm	48165	37542	4.534	48161	37542	[0m
6 [92mPassed 	| ./benchmark/toy/qsort/qsort-O3.asm	48165	37542	4.534	48161	37542	[0m
6 [92mPassed 	| ./benchmark/toy/crc/crc-O0.asm	28473	23814	6.118	28398	23764	[0m
6 [92mPassed 	| ./benchmark/toy/crc/crc-O1.asm	13122	9890	4.066	12275	9275	[0m
6 [92mPassed 	| ./benchmark/toy/crc/crc-O2.asm	6473	5414	6.141	6398	5364	[0m
6 [92mPassed 	| ./benchmark/toy/crc/crc-O3.asm	6473	5414	6.141	6403	5365	[0m


[  7 Stage Pipeline  ]:	 IF - IF - ID - EX - EX - EX - WB 
# Result 		 Benchmark		      Cycles	NOPs	CPI	Core	CoreNOPs
-----------------------------------------------------------------------------------------------
7 [92mPassed 	| ./benchmark/toy/fib/fib-O0.asm	11170	8991	5.14	6169	5128	[0m
7 [92mPassed 	| ./benchmark/toy/fib/fib-O1.asm	4470	3547	4.875	2571	2163	[0m
7 [92mPassed 	| ./benchmark/toy/fib/fib-O2.asm	4110	3187	4.482	2252	1844	[0m
7 [92mPassed 	| ./benchmark/toy/fib/fib-O3.asm	3575	2697	4.1	1673	1354	[0m
7 [92mPassed 	| ./benchmark/toy/fir/fir-O0.asm	42545	34503	5.294	42340	34386	[0m
7 [92mPassed 	| ./benchmark/toy/fir/fir-O1.asm	12596	9066	3.574	11066	8161	[0m
7 [92mPassed 	| ./benchmark/toy/fir/fir-O2.asm	10933	7954	3.677	9111	6757	[0m
7 [92mPassed 	| ./benchmark/toy/fir/fir-O3.asm	2302	1640	3.509	2194	1640	[0m
7 [92mPassed 	| ./benchmark/toy/median/median-O0.asm	36904	30984	6.24	36799	30922	[0m
7 [92mPassed 	| ./benchmark/toy/median/median-O1.asm	13771	10804	4.651	13546	10773	[0m
7 [92mPassed 	| ./benchmark/toy/median/median-O2.asm	11780	8897	4.095	11419	8721	[0m
7 [92mPassed 	| ./benchmark/toy/median/median-O3.asm	12144	9157	4.074	11893	9013	[0m
7 [92mPassed 	| ./benchmark/toy/mmult/mmult-O0.asm	37692	30926	5.576	33309	27434	[0m
7 [92mPassed 	| ./benchmark/toy/mmult/mmult-O1.asm	7972	6048	4.156	6909	5359	[0m
7 [92mPassed 	| ./benchmark/toy/mmult/mmult-O2.asm	8373	6185	3.837	6895	5117	[0m
7 [92mPassed 	| ./benchmark/toy/mmult/mmult-O3.asm	1064	727	3.215	684	521	[0m
7 [92mPassed 	| ./benchmark/toy/bubble/bubble-O0.asm	174812	144567	5.781	169366	140351	[0m
7 [92mPassed 	| ./benchmark/toy/bubble/bubble-O1.asm	63148	52791	6.101	55858	46202	[0m
7 [92mPassed 	| ./benchmark/toy/bubble/bubble-O2.asm	56905	46598	5.524	55761	46154	[0m
7 [92mPassed 	| ./benchmark/toy/bubble/bubble-O3.asm	56905	46598	5.524	55761	46154	[0m
7 [92mPassed 	| ./benchmark/toy/factorial/factorial-O0.asm	396	317	5.425	274	226	[0m
7 [92mPassed 	| ./benchmark/toy/factorial/factorial-O1.asm	1349	1009	4.039	1140	892	[0m
7 [92mPassed 	| ./benchmark/toy/factorial/factorial-O2.asm	1260	928	3.865	959	751	[0m
7 [92mPassed 	| ./benchmark/toy/factorial/factorial-O3.asm	1078	806	4.053	870	666	[0m
7 [92mPassed 	| ./benchmark/toy/qsort/qsort-O0.asm	140602	107841	4.295	140447	107838	[0m
7 [92mPassed 	| ./benchmark/toy/qsort/qsort-O1.asm	60998	47318	4.467	60884	47315	[0m
7 [92mPassed 	| ./benchmark/toy/qsort/qsort-O2.asm	49207	38470	4.589	49118	38470	[0m
7 [92mPassed 	| ./benchmark/toy/qsort/qsort-O3.asm	49207	38470	4.589	49118	38470	[0m
7 [92mPassed 	| ./benchmark/toy/crc/crc-O0.asm	28983	24072	5.909	28907	24022	[0m
7 [92mPassed 	| ./benchmark/toy/crc/crc-O1.asm	13743	10461	4.195	12832	9832	[0m
7 [92mPassed 	| ./benchmark/toy/crc/crc-O2.asm	6583	5472	5.957	6507	5422	[0m
7 [92mPassed 	| ./benchmark/toy/crc/crc-O3.asm	6583	5472	5.957	6512	5423	[0m


[  8 Stage Pipeline  ]:	 IF - IF - IF - ID - EX - EX - EX - WB 
# Result 		 Benchmark		      Cycles	NOPs	CPI	Core	CoreNOPs
-----------------------------------------------------------------------------------------------
8 [92mPassed 	| ./benchmark/toy/fib/fib-O0.asm	11263	9083	5.183	6216	5175	[0m
8 [92mPassed 	| ./benchmark/toy/fib/fib-O1.asm	4560	3636	4.973	2616	2208	[0m
8 [92mPassed 	| ./benchmark/toy/fib/fib-O2.asm	4200	3276	4.58	2297	1889	[0m
8 [92mPassed 	| ./benchmark/toy/fib/fib-O3.asm	3665	2786	4.203	1718	1399	[0m
8 [92mPassed 	| ./benchmark/toy/fir/fir-O0.asm	42898	34855	5.338	42692	34738	[0m
8 [92mPassed 	| ./benchmark/toy/fir/fir-O1.asm	12898	9318	3.66	11318	8413	[0m
8 [92mPassed 	| ./benchmark/toy/fir/fir-O2.asm	11182	8153	3.761	9310	6956	[0m
8 [92mPassed 	| ./benchmark/toy/fir/fir-O3.asm	2352	1640	3.585	2194	1640	[0m
8 [92mPassed 	| ./benchmark/toy/median/median-O0.asm	37419	31498	6.327	37313	31436	[0m
8 [92mPassed 	| ./benchmark/toy/median/median-O1.asm	14157	11174	4.781	13916	11143	[0m
8 [92mPassed 	| ./benchmark/toy/median/median-O2.asm	12163	9249	4.206	11786	9073	[0m
8 [92mPassed 	| ./benchmark/toy/median/median-O3.asm	12304	9316	4.127	12052	9172	[0m
8 [92mPassed 	| ./benchmark/toy/mmult/mmult-O0.asm	37915	31148	5.609	33501	27626	[0m
8 [92mPassed 	| ./benchmark/toy/mmult/mmult-O1.asm	8140	6215	4.244	7052	5502	[0m
8 [92mPassed 	| ./benchmark/toy/mmult/mmult-O2.asm	8522	6329	3.906	7019	5241	[0m
8 [92mPassed 	| ./benchmark/toy/mmult/mmult-O3.asm	1065	727	3.218	684	521	[0m
8 [92mPassed 	| ./benchmark/toy/bubble/bubble-O0.asm	177413	147167	5.867	171916	142901	[0m
8 [92mPassed 	| ./benchmark/toy/bubble/bubble-O1.asm	64926	54519	6.272	57575	47919	[0m
8 [92mPassed 	| ./benchmark/toy/bubble/bubble-O2.asm	58631	48274	5.692	57426	47819	[0m
8 [92mPassed 	| ./benchmark/toy/bubble/bubble-O3.asm	58631	48274	5.692	57426	47819	[0m
8 [92mPassed 	| ./benchmark/toy/factorial/factorial-O0.asm	402	322	5.507	279	231	[0m
8 [92mPassed 	| ./benchmark/toy/factorial/factorial-O1.asm	1388	1040	4.156	1171	923	[0m
8 [92mPassed 	| ./benchmark/toy/factorial/factorial-O2.asm	1298	958	3.982	988	780	[0m
8 [92mPassed 	| ./benchmark/toy/factorial/factorial-O3.asm	1109	836	4.169	899	695	[0m
8 [92mPassed 	| ./benchmark/toy/qsort/qsort-O0.asm	144221	111393	4.4	144040	111390	[0m
8 [92mPassed 	| ./benchmark/toy/qsort/qsort-O1.asm	62382	48637	4.554	62244	48634	[0m
8 [92mPassed 	| ./benchmark/toy/qsort/qsort-O2.asm	50249	39468	4.674	50145	39468	[0m
8 [92mPassed 	| ./benchmark/toy/qsort/qsort-O3.asm	50249	39468	4.674	50145	39468	[0m
8 [92mPassed 	| ./benchmark/toy/crc/crc-O0.asm	29493	24581	6.013	29416	24531	[0m
8 [92mPassed 	| ./benchmark/toy/crc/crc-O1.asm	14364	11032	4.32	13389	10389	[0m
8 [92mPassed 	| ./benchmark/toy/crc/crc-O2.asm	6693	5581	6.057	6616	5531	[0m
8 [92mPassed 	| ./benchmark/toy/crc/crc-O3.asm	6693	5581	6.057	6621	5532	[0m


[  7 Stage Pipeline  ]:	 IF - ID - EX - EX - EX - EX - WB 
# Result 		 Benchmark		      Cycles	NOPs	CPI	Core	CoreNOPs
-----------------------------------------------------------------------------------------------
7 [92mPassed 	| ./benchmark/toy/fib/fib-O0.asm	12876	10697	5.925	7165	6124	[0m
7 [92mPassed 	| ./benchmark/toy/fib/fib-O1.asm	5064	4141	5.522	2932	2524	[0m
7 [92mPassed 	| ./benchmark/toy/fib/fib-O2.asm	4659	3736	5.081	2567	2159	[0m
7 [92mPassed 	| ./benchmark/toy/fib/fib-O3.asm	4035	3157	4.627	1899	1580	[0m
7 [92mPassed 	| ./benchmark/toy/fir/fir-O0.asm	49123	41081	6.113	48895	40941	[0m
7 [92mPassed 	| ./benchmark/toy/fir/fir-O1.asm	14108	10827	4.308	12416	9711	[0m
7 [92mPassed 	| ./benchmark/toy/fir/fir-O2.asm	12298	9368	4.206	10265	7911	[0m
7 [92mPassed 	| ./benchmark/toy/fir/fir-O3.asm	2602	1989	4.287	2543	1989	[0m
7 [92mPassed 	| ./benchmark/toy/median/median-O0.asm	42330	36410	7.158	42213	36336	[0m
7 [92mPassed 	| ./benchmark/toy/median/median-O1.asm	15457	12505	5.247	15244	12471	[0m
7 [92mPassed 	| ./benchmark/toy/median/median-O2.asm	13163	10454	4.87	12769	10230	[0m
7 [92mPassed 	| ./benchmark/toy/median/median-O3.asm	13842	10870	4.667	13574	10694	[0m
7 [92mPassed 	| ./benchmark/toy/mmult/mmult-O0.asm	43555	36789	6.443	38527	32652	[0m
7 [92mPassed 	| ./benchmark/toy/mmult/mmult-O1.asm	8973	7049	4.678	7803	6253	[0m
7 [92mPassed 	| ./benchmark/toy/mmult/mmult-O2.asm	9480	7296	4.353	7809	6031	[0m
7 [92mPassed 	| ./benchmark/toy/mmult/mmult-O3.asm	1224	887	3.698	795	632	[0m
7 [92mPassed 	| ./benchmark/toy/bubble/bubble-O0.asm	199840	169595	6.609	193631	164616	[0m
7 [92mPassed 	| ./benchmark/toy/bubble/bubble-O1.asm	70864	60556	6.879	62293	52637	[0m
7 [92mPassed 	| ./benchmark/toy/bubble/bubble-O2.asm	63449	53191	6.189	62250	52643	[0m
7 [92mPassed 	| ./benchmark/toy/bubble/bubble-O3.asm	63449	53191	6.189	62250	52643	[0m
7 [92mPassed 	| ./benchmark/toy/factorial/factorial-O0.asm	452	373	6.192	312	264	[0m
7 [92mPassed 	| ./benchmark/toy/factorial/factorial-O1.asm	1504	1171	4.599	1277	1029	[0m
7 [92mPassed 	| ./benchmark/toy/factorial/factorial-O2.asm	1409	1084	4.417	1076	868	[0m
7 [92mPassed 	| ./benchmark/toy/factorial/factorial-O3.asm	1207	935	4.538	971	767	[0m
7 [92mPassed 	| ./benchmark/toy/qsort/qsort-O0.asm	158500	125923	4.865	158487	125919	[0m
7 [92mPassed 	| ./benchmark/toy/qsort/qsort-O1.asm	69030	55493	5.099	69017	55489	[0m
7 [92mPassed 	| ./benchmark/toy/qsort/qsort-O2.asm	55788	45165	5.252	55784	45165	[0m
7 [92mPassed 	| ./benchmark/toy/qsort/qsort-O3.asm	55788	45165	5.252	55784	45165	[0m
7 [92mPassed 	| ./benchmark/toy/crc/crc-O0.asm	33135	28475	7.12	33049	28415	[0m
7 [92mPassed 	| ./benchmark/toy/crc/crc-O1.asm	15018	11785	4.654	14040	11040	[0m
7 [92mPassed 	| ./benchmark/toy/crc/crc-O2.asm	7535	6475	7.149	7449	6415	[0m
7 [92mPassed 	| ./benchmark/toy/crc/crc-O3.asm	7535	6475	7.149	7454	6416	[0m


[  8 Stage Pipeline  ]:	 IF - IF - ID - EX - EX - EX - EX - WB 
# Result 		 Benchmark		      Cycles	NOPs	CPI	Core	CoreNOPs
-----------------------------------------------------------------------------------------------
8 [92mPassed 	| ./benchmark/toy/fib/fib-O0.asm	12969	10789	5.968	7212	6171	[0m
8 [92mPassed 	| ./benchmark/toy/fib/fib-O1.asm	5154	4230	5.621	2977	2569	[0m
8 [92mPassed 	| ./benchmark/toy/fib/fib-O2.asm	4749	3825	5.179	2612	2204	[0m
8 [92mPassed 	| ./benchmark/toy/fib/fib-O3.asm	4125	3246	4.731	1944	1625	[0m
8 [92mPassed 	| ./benchmark/toy/fir/fir-O0.asm	49476	41433	6.157	49247	41293	[0m
8 [92mPassed 	| ./benchmark/toy/fir/fir-O1.asm	14410	10879	4.089	12668	9763	[0m
8 [92mPassed 	| ./benchmark/toy/fir/fir-O2.asm	12547	9567	4.22	10464	8110	[0m
8 [92mPassed 	| ./benchmark/toy/fir/fir-O3.asm	2652	1989	4.043	2543	1989	[0m
8 [92mPassed 	| ./benchmark/toy/median/median-O0.asm	42845	36924	7.245	42727	36850	[0m
8 [92mPassed 	| ./benchmark/toy/median/median-O1.asm	15843	12875	5.351	15614	12841	[0m
8 [92mPassed 	| ./benchmark/toy/median/median-O2.asm	13546	10662	4.708	13136	10438	[0m
8 [92mPassed 	| ./benchmark/toy/median/median-O3.asm	14002	11014	4.697	13718	10838	[0m
8 [92mPassed 	| ./benchmark/toy/mmult/mmult-O0.asm	43778	37011	6.476	38719	32844	[0m
8 [92mPassed 	| ./benchmark/toy/mmult/mmult-O1.asm	9141	7216	4.766	7946	6396	[0m
8 [92mPassed 	| ./benchmark/toy/mmult/mmult-O2.asm	9629	7440	4.413	7933	6155	[0m
8 [92mPassed 	| ./benchmark/toy/mmult/mmult-O3.asm	1225	887	3.701	795	632	[0m
8 [92mPassed 	| ./benchmark/toy/bubble/bubble-O0.asm	202441	172195	6.695	196181	167166	[0m
8 [92mPassed 	| ./benchmark/toy/bubble/bubble-O1.asm	72642	62284	7.018	64010	54354	[0m
8 [92mPassed 	| ./benchmark/toy/bubble/bubble-O2.asm	65175	54867	6.327	63915	54308	[0m
8 [92mPassed 	| ./benchmark/toy/bubble/bubble-O3.asm	65175	54867	6.327	63915	54308	[0m
8 [92mPassed 	| ./benchmark/toy/factorial/factorial-O0.asm	458	378	6.274	317	269	[0m
8 [92mPassed 	| ./benchmark/toy/factorial/factorial-O1.asm	1543	1202	4.62	1308	1060	[0m
8 [92mPassed 	| ./benchmark/toy/factorial/factorial-O2.asm	1447	1114	4.439	1105	897	[0m
8 [92mPassed 	| ./benchmark/toy/factorial/factorial-O3.asm	1238	965	4.654	1000	796	[0m
8 [92mPassed 	| ./benchmark/toy/qsort/qsort-O0.asm	162119	129358	4.952	161963	129354	[0m
8 [92mPassed 	| ./benchmark/toy/qsort/qsort-O1.asm	70414	56734	5.156	70299	56730	[0m
8 [92mPassed 	| ./benchmark/toy/qsort/qsort-O2.asm	56830	46093	5.3	56741	46093	[0m
8 [92mPassed 	| ./benchmark/toy/qsort/qsort-O3.asm	56830	46093	5.3	56741	46093	[0m
8 [92mPassed 	| ./benchmark/toy/crc/crc-O0.asm	33645	28733	6.859	33558	28673	[0m
8 [92mPassed 	| ./benchmark/toy/crc/crc-O1.asm	15639	12356	4.774	14597	11597	[0m
8 [92mPassed 	| ./benchmark/toy/crc/crc-O2.asm	7645	6533	6.919	7558	6473	[0m
8 [92mPassed 	| ./benchmark/toy/crc/crc-O3.asm	7645	6533	6.919	7563	6474	[0m


[  9 Stage Pipeline  ]:	 IF - IF - IF - ID - EX - EX - EX - EX - WB 
# Result 		 Benchmark		      Cycles	NOPs	CPI	Core	CoreNOPs
-----------------------------------------------------------------------------------------------
9 [92mPassed 	| ./benchmark/toy/fib/fib-O0.asm	13062	10881	6.011	7259	6218	[0m
9 [92mPassed 	| ./benchmark/toy/fib/fib-O1.asm	5244	4319	5.719	3022	2614	[0m
9 [92mPassed 	| ./benchmark/toy/fib/fib-O2.asm	4839	3914	5.277	2657	2249	[0m
9 [92mPassed 	| ./benchmark/toy/fib/fib-O3.asm	4215	3335	4.834	1989	1670	[0m
9 [92mPassed 	| ./benchmark/toy/fir/fir-O0.asm	49829	41785	6.201	49599	41645	[0m
9 [92mPassed 	| ./benchmark/toy/fir/fir-O1.asm	14712	11131	4.175	12920	10015	[0m
9 [92mPassed 	| ./benchmark/toy/fir/fir-O2.asm	12796	9766	4.304	10663	8309	[0m
9 [92mPassed 	| ./benchmark/toy/fir/fir-O3.asm	2702	1989	4.119	2543	1989	[0m
9 [92mPassed 	| ./benchmark/toy/median/median-O0.asm	43360	37438	7.332	43241	37364	[0m
9 [92mPassed 	| ./benchmark/toy/median/median-O1.asm	16229	13245	5.481	15984	13211	[0m
9 [92mPassed 	| ./benchmark/toy/median/median-O2.asm	13929	11014	4.816	13503	10790	[0m
9 [92mPassed 	| ./benchmark/toy/median/median-O3.asm	14162	11173	4.751	13877	10997	[0m
9 [92mPassed 	| ./benchmark/toy/mmult/mmult-O0.asm	44001	37233	6.509	38911	33036	[0m
9 [92mPassed 	| ./benchmark/toy/mmult/mmult-O1.asm	9309	7383	4.853	8089	6539	[0m
9 [92mPassed 	| ./benchmark/toy/mmult/mmult-O2.asm	9778	7584	4.481	8057	6279	[0m
9 [92mPassed 	| ./benchmark/toy/mmult/mmult-O3.asm	1226	887	3.704	795	632	[0m
9 [92mPassed 	| ./benchmark/toy/bubble/bubble-O0.asm	205042	174795	6.781	198731	169716	[0m
9 [92mPassed 	| ./benchmark/toy/bubble/bubble-O1.asm	74420	64012	7.19	65727	56071	[0m
9 [92mPassed 	| ./benchmark/toy/bubble/bubble-O2.asm	66901	56543	6.495	65580	55973	[0m
9 [92mPassed 	| ./benchmark/toy/bubble/bubble-O3.asm	66901	56543	6.495	65580	55973	[0m
9 [92mPassed 	| ./benchmark/toy/factorial/factorial-O0.asm	464	383	6.356	322	274	[0m
9 [92mPassed 	| ./benchmark/toy/factorial/factorial-O1.asm	1582	1233	4.737	1339	1091	[0m
9 [92mPassed 	| ./benchmark/toy/factorial/factorial-O2.asm	1485	1144	4.555	1134	926	[0m
9 [92mPassed 	| ./benchmark/toy/factorial/factorial-O3.asm	1269	995	4.771	1029	825	[0m
9 [92mPassed 	| ./benchmark/toy/qsort/qsort-O0.asm	165738	132910	5.057	165556	132906	[0m
9 [92mPassed 	| ./benchmark/toy/qsort/qsort-O1.asm	71798	58053	5.242	71659	58049	[0m
9 [92mPassed 	| ./benchmark/toy/qsort/qsort-O2.asm	57872	47091	5.383	57768	47091	[0m
9 [92mPassed 	| ./benchmark/toy/qsort/qsort-O3.asm	57872	47091	5.383	57768	47091	[0m
9 [92mPassed 	| ./benchmark/toy/crc/crc-O0.asm	34155	29242	6.963	34067	29182	[0m
9 [92mPassed 	| ./benchmark/toy/crc/crc-O1.asm	16260	12927	4.89	15154	12154	[0m
9 [92mPassed 	| ./benchmark/toy/crc/crc-O2.asm	7755	6642	7.018	7667	6582	[0m
9 [92mPassed 	| ./benchmark/toy/crc/crc-O3.asm	7755	6642	7.018	7672	6583	[0m
