Number of benchmarks that uses each instruction, Total of times an instruction appears in the asm code of the benchmarks
--------------------------------------------------------------------------------
Inst (count, sum) -O0              -O1                  -O2              -O3             
--------------------------------------------------------------------------------
add             0, 0               0, 0               0, 0               0, 0       
addiu           7, 1631            7, 619             7, 686             7, 987     
addu            7, 1004            7, 791             7, 826             7, 1130    
and             5, 20              5, 15              5, 22              5, 32      
andi            7, 317             7, 268             6, 276             7, 338     
beq             4, 47              4, 34              6, 74              6, 146     
beqz            7, 67              7, 74              7, 59              7, 130     
bgez            5, 27              5, 19              3, 14              4, 80      
bgtz            2, 2               1, 2               2, 3               2, 5       
blez            2, 4               5, 16              5, 14              5, 20      
bltz            2, 8               3, 8               6, 42              6, 138     
bne             4, 29              7, 101             7, 98              7, 124     
bnez            7, 121             7, 57              7, 103             7, 200     
cvt             0, 0               0, 0               0, 0               0, 0       
div             1, 5               1, 3               1, 2               1, 2       
j               7, 224             7, 135             7, 148             7, 252     
jal             7, 163             7, 164             7, 92              7, 119     
jalr            0, 0               0, 0               0, 0               0, 0       
jr              7, 68              7, 82              7, 91              7, 103     
lb              1, 9               1, 9               1, 4               1, 4       
lbu             4, 45              4, 38              4, 42              4, 138     
lh              2, 159             1, 67              1, 59              1, 105     
lhu             2, 17              1, 3               1, 3               0, 0       
li              7, 246             7, 258             7, 299             7, 477     
lui             7, 427             7, 211             7, 155             7, 207     
lw              7, 3065            7, 1009            7, 1027            7, 1693    
mfhi            2, 7               2, 4               2, 3               2, 3       
mflo            4, 93              4, 76              4, 91              4, 208     
mov             0, 0               0, 0               0, 0               0, 0       
move            7, 435             7, 390             7, 348             7, 428     
mtlo            0, 0               0, 0               0, 0               0, 0       
mul             0, 0               0, 0               0, 0               0, 0       
mult            4, 90              4, 79              4, 95              4, 212     
negu            3, 13              3, 14              3, 20              3, 75      
nop             7, 3411            7, 806             7, 205             7, 432     
nor             3, 4               3, 4               3, 4               3, 13      
or              6, 45              6, 39              6, 42              6, 108     
ori             5, 73              3, 58              3, 21              3, 27      
sb              2, 34              2, 29              2, 27              2, 37      
sh              2, 50              1, 22              1, 26              1, 83      
sll             7, 938             7, 659             7, 739             7, 1318    
slt             7, 43              5, 33              5, 61              5, 100     
slti            7, 95              6, 41              6, 47              6, 153     
sltiu           1, 2               2, 3               2, 3               3, 5       
sltu            6, 22              6, 29              6, 29              6, 98      
sra             6, 258             6, 257             6, 326             6, 697     
srl             5, 128             6, 132             6, 132             6, 209     
sub             0, 0               0, 0               0, 0               0, 0       
subu            6, 28              5, 34              5, 58              5, 190     
sw              7, 1288            7, 740             7, 762             7, 1304    
swl             0, 0               0, 0               0, 0               0, 0       
swr             0, 0               0, 0               0, 0               0, 0       
xor             6, 165             6, 175             5, 183             5, 393     
xori            2, 21              2, 21              3, 31              4, 91      
